<?xml version="1.0" encoding="UTF-8"?>
<testsuite xmlns:xsi="http://www.w3.org/2001/XMLSchema-instance" xsi:noNamespaceSchemaLocation="https://maven.apache.org/surefire/maven-surefire-plugin/xsd/surefire-test-report-3.0.xsd" version="3.0" name="TestSuite" time="4.109" tests="2" errors="0" skipped="0" failures="0">
  <properties>
    <property name="java.specification.version" value="19"/>
    <property name="sun.jnu.encoding" value="UTF-8"/>
    <property name="java.class.path" value="/Users/apple/RestAssured/target/test-classes:/Users/apple/RestAssured/target/classes:/Users/apple/.m2/repository/junit/junit/3.8.1/junit-3.8.1.jar:/Users/apple/.m2/repository/io/rest-assured/rest-assured/5.3.0/rest-assured-5.3.0.jar:/Users/apple/.m2/repository/org/apache/groovy/groovy/4.0.6/groovy-4.0.6.jar:/Users/apple/.m2/repository/org/apache/groovy/groovy-xml/4.0.6/groovy-xml-4.0.6.jar:/Users/apple/.m2/repository/org/apache/httpcomponents/httpclient/4.5.13/httpclient-4.5.13.jar:/Users/apple/.m2/repository/org/apache/httpcomponents/httpcore/4.4.13/httpcore-4.4.13.jar:/Users/apple/.m2/repository/commons-logging/commons-logging/1.2/commons-logging-1.2.jar:/Users/apple/.m2/repository/commons-codec/commons-codec/1.11/commons-codec-1.11.jar:/Users/apple/.m2/repository/org/apache/httpcomponents/httpmime/4.5.13/httpmime-4.5.13.jar:/Users/apple/.m2/repository/org/hamcrest/hamcrest/2.1/hamcrest-2.1.jar:/Users/apple/.m2/repository/org/ccil/cowan/tagsoup/tagsoup/1.2.1/tagsoup-1.2.1.jar:/Users/apple/.m2/repository/io/rest-assured/json-path/5.3.0/json-path-5.3.0.jar:/Users/apple/.m2/repository/org/apache/groovy/groovy-json/4.0.6/groovy-json-4.0.6.jar:/Users/apple/.m2/repository/io/rest-assured/rest-assured-common/5.3.0/rest-assured-common-5.3.0.jar:/Users/apple/.m2/repository/io/rest-assured/xml-path/5.3.0/xml-path-5.3.0.jar:/Users/apple/.m2/repository/org/testng/testng/7.7.1/testng-7.7.1.jar:/Users/apple/.m2/repository/org/slf4j/slf4j-api/1.7.36/slf4j-api-1.7.36.jar:/Users/apple/.m2/repository/com/beust/jcommander/1.82/jcommander-1.82.jar:/Users/apple/.m2/repository/org/webjars/jquery/3.6.1/jquery-3.6.1.jar:/Users/apple/.m2/repository/org/assertj/assertj-core/3.24.1/assertj-core-3.24.1.jar:/Users/apple/.m2/repository/net/bytebuddy/byte-buddy/1.12.21/byte-buddy-1.12.21.jar:/Users/apple/.m2/repository/org/projectlombok/lombok/1.18.24/lombok-1.18.24.jar:/Users/apple/.m2/repository/com/fasterxml/jackson/core/jackson-databind/2.14.1/jackson-databind-2.14.1.jar:/Users/apple/.m2/repository/com/fasterxml/jackson/core/jackson-annotations/2.14.1/jackson-annotations-2.14.1.jar:/Users/apple/.m2/repository/com/fasterxml/jackson/core/jackson-core/2.14.1/jackson-core-2.14.1.jar:/Users/apple/.m2/repository/com/github/javafaker/javafaker/1.0.2/javafaker-1.0.2.jar:/Users/apple/.m2/repository/org/apache/commons/commons-lang3/3.5/commons-lang3-3.5.jar:/Users/apple/.m2/repository/org/yaml/snakeyaml/1.23/snakeyaml-1.23-android.jar:/Users/apple/.m2/repository/com/github/mifmif/generex/1.0.2/generex-1.0.2.jar:/Users/apple/.m2/repository/dk/brics/automaton/automaton/1.11-8/automaton-1.11-8.jar:/Users/apple/.m2/repository/com/aventstack/extentreports/5.0.9/extentreports-5.0.9.jar:/Users/apple/.m2/repository/io/reactivex/rxjava3/rxjava/3.0.4/rxjava-3.0.4.jar:/Users/apple/.m2/repository/org/reactivestreams/reactive-streams/1.0.3/reactive-streams-1.0.3.jar:/Users/apple/.m2/repository/org/freemarker/freemarker/2.3.30/freemarker-2.3.30.jar:/Users/apple/.m2/repository/com/google/code/gson/gson/2.8.6/gson-2.8.6.jar:/Users/apple/.m2/repository/com/googlecode/json-simple/json-simple/1.1.1/json-simple-1.1.1.jar:/Users/apple/.m2/repository/com/creditdatamw/labs/zerocell-core/0.5.1/zerocell-core-0.5.1.jar:/Users/apple/.m2/repository/org/apache/poi/poi/5.1.0/poi-5.1.0.jar:/Users/apple/.m2/repository/org/apache/commons/commons-collections4/4.4/commons-collections4-4.4.jar:/Users/apple/.m2/repository/org/apache/commons/commons-math3/3.6.1/commons-math3-3.6.1.jar:/Users/apple/.m2/repository/commons-io/commons-io/2.11.0/commons-io-2.11.0.jar:/Users/apple/.m2/repository/com/zaxxer/SparseBitSet/1.2/SparseBitSet-1.2.jar:/Users/apple/.m2/repository/org/apache/logging/log4j/log4j-api/2.14.1/log4j-api-2.14.1.jar:/Users/apple/.m2/repository/org/apache/poi/poi-ooxml/5.1.0/poi-ooxml-5.1.0.jar:/Users/apple/.m2/repository/org/apache/poi/poi-ooxml-lite/5.1.0/poi-ooxml-lite-5.1.0.jar:/Users/apple/.m2/repository/org/apache/xmlbeans/xmlbeans/5.0.2/xmlbeans-5.0.2.jar:/Users/apple/.m2/repository/org/apache/commons/commons-compress/1.21/commons-compress-1.21.jar:/Users/apple/.m2/repository/com/github/virtuald/curvesapi/1.06/curvesapi-1.06.jar:"/>
    <property name="java.vm.vendor" value="Homebrew"/>
    <property name="sun.arch.data.model" value="64"/>
    <property name="java.vendor.url" value="https://github.com/Homebrew/homebrew-core/issues"/>
    <property name="user.timezone" value="Asia/Karachi"/>
    <property name="os.name" value="Mac OS X"/>
    <property name="java.vm.specification.version" value="19"/>
    <property name="sun.java.launcher" value="SUN_STANDARD"/>
    <property name="user.country" value="PK"/>
    <property name="sun.boot.library.path" value="/usr/local/Cellar/openjdk/19.0.1/libexec/openjdk.jdk/Contents/Home/lib"/>
    <property name="sun.java.command" value="/Users/apple/RestAssured/target/surefire/surefirebooter-20230113195021221_3.jar /Users/apple/RestAssured/target/surefire 2023-01-13T19-50-20_918-jvmRun1 surefire-20230113195021221_1tmp surefire_0-20230113195021221_2tmp"/>
    <property name="http.nonProxyHosts" value="local|*.local|169.254/16|*.169.254/16"/>
    <property name="jdk.debug" value="release"/>
    <property name="surefire.test.class.path" value="/Users/apple/RestAssured/target/test-classes:/Users/apple/RestAssured/target/classes:/Users/apple/.m2/repository/junit/junit/3.8.1/junit-3.8.1.jar:/Users/apple/.m2/repository/io/rest-assured/rest-assured/5.3.0/rest-assured-5.3.0.jar:/Users/apple/.m2/repository/org/apache/groovy/groovy/4.0.6/groovy-4.0.6.jar:/Users/apple/.m2/repository/org/apache/groovy/groovy-xml/4.0.6/groovy-xml-4.0.6.jar:/Users/apple/.m2/repository/org/apache/httpcomponents/httpclient/4.5.13/httpclient-4.5.13.jar:/Users/apple/.m2/repository/org/apache/httpcomponents/httpcore/4.4.13/httpcore-4.4.13.jar:/Users/apple/.m2/repository/commons-logging/commons-logging/1.2/commons-logging-1.2.jar:/Users/apple/.m2/repository/commons-codec/commons-codec/1.11/commons-codec-1.11.jar:/Users/apple/.m2/repository/org/apache/httpcomponents/httpmime/4.5.13/httpmime-4.5.13.jar:/Users/apple/.m2/repository/org/hamcrest/hamcrest/2.1/hamcrest-2.1.jar:/Users/apple/.m2/repository/org/ccil/cowan/tagsoup/tagsoup/1.2.1/tagsoup-1.2.1.jar:/Users/apple/.m2/repository/io/rest-assured/json-path/5.3.0/json-path-5.3.0.jar:/Users/apple/.m2/repository/org/apache/groovy/groovy-json/4.0.6/groovy-json-4.0.6.jar:/Users/apple/.m2/repository/io/rest-assured/rest-assured-common/5.3.0/rest-assured-common-5.3.0.jar:/Users/apple/.m2/repository/io/rest-assured/xml-path/5.3.0/xml-path-5.3.0.jar:/Users/apple/.m2/repository/org/testng/testng/7.7.1/testng-7.7.1.jar:/Users/apple/.m2/repository/org/slf4j/slf4j-api/1.7.36/slf4j-api-1.7.36.jar:/Users/apple/.m2/repository/com/beust/jcommander/1.82/jcommander-1.82.jar:/Users/apple/.m2/repository/org/webjars/jquery/3.6.1/jquery-3.6.1.jar:/Users/apple/.m2/repository/org/assertj/assertj-core/3.24.1/assertj-core-3.24.1.jar:/Users/apple/.m2/repository/net/bytebuddy/byte-buddy/1.12.21/byte-buddy-1.12.21.jar:/Users/apple/.m2/repository/org/projectlombok/lombok/1.18.24/lombok-1.18.24.jar:/Users/apple/.m2/repository/com/fasterxml/jackson/core/jackson-databind/2.14.1/jackson-databind-2.14.1.jar:/Users/apple/.m2/repository/com/fasterxml/jackson/core/jackson-annotations/2.14.1/jackson-annotations-2.14.1.jar:/Users/apple/.m2/repository/com/fasterxml/jackson/core/jackson-core/2.14.1/jackson-core-2.14.1.jar:/Users/apple/.m2/repository/com/github/javafaker/javafaker/1.0.2/javafaker-1.0.2.jar:/Users/apple/.m2/repository/org/apache/commons/commons-lang3/3.5/commons-lang3-3.5.jar:/Users/apple/.m2/repository/org/yaml/snakeyaml/1.23/snakeyaml-1.23-android.jar:/Users/apple/.m2/repository/com/github/mifmif/generex/1.0.2/generex-1.0.2.jar:/Users/apple/.m2/repository/dk/brics/automaton/automaton/1.11-8/automaton-1.11-8.jar:/Users/apple/.m2/repository/com/aventstack/extentreports/5.0.9/extentreports-5.0.9.jar:/Users/apple/.m2/repository/io/reactivex/rxjava3/rxjava/3.0.4/rxjava-3.0.4.jar:/Users/apple/.m2/repository/org/reactivestreams/reactive-streams/1.0.3/reactive-streams-1.0.3.jar:/Users/apple/.m2/repository/org/freemarker/freemarker/2.3.30/freemarker-2.3.30.jar:/Users/apple/.m2/repository/com/google/code/gson/gson/2.8.6/gson-2.8.6.jar:/Users/apple/.m2/repository/com/googlecode/json-simple/json-simple/1.1.1/json-simple-1.1.1.jar:/Users/apple/.m2/repository/com/creditdatamw/labs/zerocell-core/0.5.1/zerocell-core-0.5.1.jar:/Users/apple/.m2/repository/org/apache/poi/poi/5.1.0/poi-5.1.0.jar:/Users/apple/.m2/repository/org/apache/commons/commons-collections4/4.4/commons-collections4-4.4.jar:/Users/apple/.m2/repository/org/apache/commons/commons-math3/3.6.1/commons-math3-3.6.1.jar:/Users/apple/.m2/repository/commons-io/commons-io/2.11.0/commons-io-2.11.0.jar:/Users/apple/.m2/repository/com/zaxxer/SparseBitSet/1.2/SparseBitSet-1.2.jar:/Users/apple/.m2/repository/org/apache/logging/log4j/log4j-api/2.14.1/log4j-api-2.14.1.jar:/Users/apple/.m2/repository/org/apache/poi/poi-ooxml/5.1.0/poi-ooxml-5.1.0.jar:/Users/apple/.m2/repository/org/apache/poi/poi-ooxml-lite/5.1.0/poi-ooxml-lite-5.1.0.jar:/Users/apple/.m2/repository/org/apache/xmlbeans/xmlbeans/5.0.2/xmlbeans-5.0.2.jar:/Users/apple/.m2/repository/org/apache/commons/commons-compress/1.21/commons-compress-1.21.jar:/Users/apple/.m2/repository/com/github/virtuald/curvesapi/1.06/curvesapi-1.06.jar:"/>
    <property name="sun.cpu.endian" value="little"/>
    <property name="user.home" value="/Users/apple"/>
    <property name="user.language" value="en"/>
    <property name="java.specification.vendor" value="Oracle Corporation"/>
    <property name="java.version.date" value="2022-10-18"/>
    <property name="java.home" value="/usr/local/Cellar/openjdk/19.0.1/libexec/openjdk.jdk/Contents/Home"/>
    <property name="file.separator" value="/"/>
    <property name="basedir" value="/Users/apple/RestAssured"/>
    <property name="java.vm.compressedOopsMode" value="Zero based"/>
    <property name="line.separator" value="&#10;"/>
    <property name="java.vm.specification.vendor" value="Oracle Corporation"/>
    <property name="java.specification.name" value="Java Platform API Specification"/>
    <property name="apple.awt.application.name" value="ForkedBooter"/>
    <property name="surefire.real.class.path" value="/Users/apple/RestAssured/target/surefire/surefirebooter-20230113195021221_3.jar"/>
    <property name="sun.management.compiler" value="HotSpot 64-Bit Tiered Compilers"/>
    <property name="ftp.nonProxyHosts" value="local|*.local|169.254/16|*.169.254/16"/>
    <property name="java.runtime.version" value="19.0.1"/>
    <property name="user.name" value="apple"/>
    <property name="stdout.encoding" value="US-ASCII"/>
    <property name="path.separator" value=":"/>
    <property name="os.version" value="13.0"/>
    <property name="java.runtime.name" value="OpenJDK Runtime Environment"/>
    <property name="file.encoding" value="UTF-8"/>
    <property name="java.vm.name" value="OpenJDK 64-Bit Server VM"/>
    <property name="java.vendor.version" value="Homebrew"/>
    <property name="localRepository" value="/Users/apple/.m2/repository"/>
    <property name="java.vendor.url.bug" value="https://github.com/Homebrew/homebrew-core/issues"/>
    <property name="java.io.tmpdir" value="/var/folders/kw/wx46ghcj6_z33r2jmkgt3v7m0000gp/T/"/>
    <property name="java.version" value="19.0.1"/>
    <property name="user.dir" value="/Users/apple/RestAssured"/>
    <property name="os.arch" value="x86_64"/>
    <property name="java.vm.specification.name" value="Java Virtual Machine Specification"/>
    <property name="native.encoding" value="US-ASCII"/>
    <property name="java.library.path" value="/Users/apple/Library/Java/Extensions:/Library/Java/Extensions:/Network/Library/Java/Extensions:/System/Library/Java/Extensions:/usr/lib/java:."/>
    <property name="java.vm.info" value="mixed mode, sharing"/>
    <property name="stderr.encoding" value="US-ASCII"/>
    <property name="java.vendor" value="Homebrew"/>
    <property name="java.vm.version" value="19.0.1"/>
    <property name="sun.io.unicode.encoding" value="UnicodeBig"/>
    <property name="socksNonProxyHosts" value="local|*.local|169.254/16|*.169.254/16"/>
    <property name="java.class.version" value="63.0"/>
  </properties>
  <testcase name="getEmployeeDetails[TestData(testRunId=1, testCaseId=1, testCaseName=getEmployeeDetails)](1)" classname="com.tests.GetTests" time="1.934">
    <system-out><![CDATA[Suite Started
Reports initializing...
Reports initialized.
On Test Start Listener
Creating test and setting to threadLocal var..
in success: 1
before sending call, success: 1
add_result_for_case/1/1 {status_id=5, comment=New Comments}
]]></system-out>
    <system-err><![CDATA[SLF4J: Failed to load class "org.slf4j.impl.StaticLoggerBinder".
SLF4J: Defaulting to no-operation (NOP) logger implementation
SLF4J: See http://www.slf4j.org/codes.html#StaticLoggerBinder for further details.
ERROR StatusLogger Log4j2 could not find a logging implementation. Please add log4j-core to the classpath. Using SimpleLogger to log to the console...
]]></system-err>
  </testcase>
  <testcase name="postCallTest[TestData(testRunId=1, testCaseId=2, testCaseName=postCallTest)](1)" classname="com.tests.PostTests" time="0.587">
    <system-out><![CDATA[On Test Start Listener
Creating test and setting to threadLocal var..
in success: 2
before sending call, success: 2
add_result_for_case/1/2 {status_id=5, comment=New Comments}
]]></system-out>
  </testcase>
</testsuite>