<?xml version="1.0" encoding="UTF-8"?>
<!-- Generated by org.testng.reporters.JUnitReportReporter -->
<testsuite hostname="A1990s-MBP" failures="0" tests="1" name="com.tests.GetTests" time="0.010" errors="0" timestamp="2023-01-13T19:50:25 PKT" skipped="0">
  <testcase classname="com.tests.GetTests" name="getEmployeeDetails" time="0.010"/>
  <system-out/>
</testsuite> <!-- com.tests.GetTests -->
