<?xml version="1.0" encoding="UTF-8"?>
<!-- Generated by org.testng.reporters.JUnitReportReporter -->
<testsuite hostname="A1990s-MBP" failures="0" tests="1" name="com.tests.PostTests" time="0.001" errors="0" timestamp="2023-01-13T19:50:25 PKT" skipped="0">
  <testcase classname="com.tests.PostTests" name="postCallTest" time="0.001"/>
  <system-out/>
</testsuite> <!-- com.tests.PostTests -->
